ERROR - 2025-10-20 10:28:21 --> mysqli_sql_exception: You have an error in your SQL syntax; check the manual that corresponds to your MySQL server version for the right syntax to use near 'UNSIGNED NOT NULL,
	CONSTRAINT 1 PRIMARY KEY(`id`)
) DEFAULT CHARACTER SET = utf' at line 3 in C:\laragon\www\reservasi-paket-wisata\system\Database\MySQLi\Connection.php:327
Stack trace:
#0 C:\laragon\www\reservasi-paket-wisata\system\Database\MySQLi\Connection.php(327): mysqli->query('CREATE TABLE `j...', 0)
#1 C:\laragon\www\reservasi-paket-wisata\system\Database\BaseConnection.php(729): CodeIgniter\Database\MySQLi\Connection->execute('CREATE TABLE `j...')
#2 C:\laragon\www\reservasi-paket-wisata\system\Database\BaseConnection.php(646): CodeIgniter\Database\BaseConnection->simpleQuery('CREATE TABLE `j...')
#3 C:\laragon\www\reservasi-paket-wisata\system\Database\Forge.php(570): CodeIgniter\Database\BaseConnection->query('CREATE TABLE `j...')
#4 C:\laragon\www\reservasi-paket-wisata\app\Database\Migrations\2025-10-20-102326_Jabatan.php(29): CodeIgniter\Database\Forge->createTable('jabatan', true)
#5 C:\laragon\www\reservasi-paket-wisata\system\Database\MigrationRunner.php(876): App\Database\Migrations\Jabatan->up()
#6 C:\laragon\www\reservasi-paket-wisata\system\Database\MigrationRunner.php(182): CodeIgniter\Database\MigrationRunner->migrate('up', Object(stdClass))
#7 C:\laragon\www\reservasi-paket-wisata\system\Commands\Database\Migrate.php(85): CodeIgniter\Database\MigrationRunner->latest(NULL)
#8 C:\laragon\www\reservasi-paket-wisata\system\CLI\Commands.php(74): CodeIgniter\Commands\Database\Migrate->run(Array)
#9 C:\laragon\www\reservasi-paket-wisata\system\CLI\Console.php(47): CodeIgniter\CLI\Commands->run('migrate', Array)
#10 C:\laragon\www\reservasi-paket-wisata\system\Boot.php(388): CodeIgniter\CLI\Console->run()
#11 C:\laragon\www\reservasi-paket-wisata\system\Boot.php(133): CodeIgniter\Boot::runCommand(Object(CodeIgniter\CLI\Console))
#12 C:\laragon\www\reservasi-paket-wisata\spark(87): CodeIgniter\Boot::bootSpark(Object(Config\Paths))
#13 {main}
ERROR - 2025-10-20 10:29:15 --> mysqli_sql_exception: You have an error in your SQL syntax; check the manual that corresponds to your MySQL server version for the right syntax to use near 'UNSIGNED NOT NULL,
	CONSTRAINT 1 PRIMARY KEY(`id`)
) DEFAULT CHARACTER SET = utf' at line 3 in C:\laragon\www\reservasi-paket-wisata\system\Database\MySQLi\Connection.php:327
Stack trace:
#0 C:\laragon\www\reservasi-paket-wisata\system\Database\MySQLi\Connection.php(327): mysqli->query('CREATE TABLE `j...', 0)
#1 C:\laragon\www\reservasi-paket-wisata\system\Database\BaseConnection.php(729): CodeIgniter\Database\MySQLi\Connection->execute('CREATE TABLE `j...')
#2 C:\laragon\www\reservasi-paket-wisata\system\Database\BaseConnection.php(646): CodeIgniter\Database\BaseConnection->simpleQuery('CREATE TABLE `j...')
#3 C:\laragon\www\reservasi-paket-wisata\system\Database\Forge.php(570): CodeIgniter\Database\BaseConnection->query('CREATE TABLE `j...')
#4 C:\laragon\www\reservasi-paket-wisata\app\Database\Migrations\2025-10-20-102326_Jabatan.php(29): CodeIgniter\Database\Forge->createTable('jabatan', true)
#5 C:\laragon\www\reservasi-paket-wisata\system\Database\MigrationRunner.php(876): App\Database\Migrations\Jabatan->up()
#6 C:\laragon\www\reservasi-paket-wisata\system\Database\MigrationRunner.php(182): CodeIgniter\Database\MigrationRunner->migrate('up', Object(stdClass))
#7 C:\laragon\www\reservasi-paket-wisata\system\Commands\Database\Migrate.php(85): CodeIgniter\Database\MigrationRunner->latest(NULL)
#8 C:\laragon\www\reservasi-paket-wisata\system\CLI\Commands.php(74): CodeIgniter\Commands\Database\Migrate->run(Array)
#9 C:\laragon\www\reservasi-paket-wisata\system\CLI\Console.php(47): CodeIgniter\CLI\Commands->run('migrate', Array)
#10 C:\laragon\www\reservasi-paket-wisata\system\Boot.php(388): CodeIgniter\CLI\Console->run()
#11 C:\laragon\www\reservasi-paket-wisata\system\Boot.php(133): CodeIgniter\Boot::runCommand(Object(CodeIgniter\CLI\Console))
#12 C:\laragon\www\reservasi-paket-wisata\spark(87): CodeIgniter\Boot::bootSpark(Object(Config\Paths))
#13 {main}
ERROR - 2025-10-20 10:30:40 --> mysqli_sql_exception: You have an error in your SQL syntax; check the manual that corresponds to your MySQL server version for the right syntax to use near '1 PRIMARY KEY(`id`)
) DEFAULT CHARACTER SET = utf8 COLLATE = utf8_general_ci' at line 4 in C:\laragon\www\reservasi-paket-wisata\system\Database\MySQLi\Connection.php:327
Stack trace:
#0 C:\laragon\www\reservasi-paket-wisata\system\Database\MySQLi\Connection.php(327): mysqli->query('CREATE TABLE `j...', 0)
#1 C:\laragon\www\reservasi-paket-wisata\system\Database\BaseConnection.php(729): CodeIgniter\Database\MySQLi\Connection->execute('CREATE TABLE `j...')
#2 C:\laragon\www\reservasi-paket-wisata\system\Database\BaseConnection.php(646): CodeIgniter\Database\BaseConnection->simpleQuery('CREATE TABLE `j...')
#3 C:\laragon\www\reservasi-paket-wisata\system\Database\Forge.php(570): CodeIgniter\Database\BaseConnection->query('CREATE TABLE `j...')
#4 C:\laragon\www\reservasi-paket-wisata\app\Database\Migrations\2025-10-20-102326_Jabatan.php(28): CodeIgniter\Database\Forge->createTable('jabatan', true)
#5 C:\laragon\www\reservasi-paket-wisata\system\Database\MigrationRunner.php(876): App\Database\Migrations\Jabatan->up()
#6 C:\laragon\www\reservasi-paket-wisata\system\Database\MigrationRunner.php(182): CodeIgniter\Database\MigrationRunner->migrate('up', Object(stdClass))
#7 C:\laragon\www\reservasi-paket-wisata\system\Commands\Database\Migrate.php(85): CodeIgniter\Database\MigrationRunner->latest(NULL)
#8 C:\laragon\www\reservasi-paket-wisata\system\CLI\Commands.php(74): CodeIgniter\Commands\Database\Migrate->run(Array)
#9 C:\laragon\www\reservasi-paket-wisata\system\CLI\Console.php(47): CodeIgniter\CLI\Commands->run('migrate', Array)
#10 C:\laragon\www\reservasi-paket-wisata\system\Boot.php(388): CodeIgniter\CLI\Console->run()
#11 C:\laragon\www\reservasi-paket-wisata\system\Boot.php(133): CodeIgniter\Boot::runCommand(Object(CodeIgniter\CLI\Console))
#12 C:\laragon\www\reservasi-paket-wisata\spark(87): CodeIgniter\Boot::bootSpark(Object(Config\Paths))
#13 {main}
ERROR - 2025-10-20 10:39:34 --> mysqli_sql_exception: Incorrect table definition; there can be only one auto column and it must be defined as a key in C:\laragon\www\reservasi-paket-wisata\system\Database\MySQLi\Connection.php:327
Stack trace:
#0 C:\laragon\www\reservasi-paket-wisata\system\Database\MySQLi\Connection.php(327): mysqli->query('CREATE TABLE `k...', 0)
#1 C:\laragon\www\reservasi-paket-wisata\system\Database\BaseConnection.php(729): CodeIgniter\Database\MySQLi\Connection->execute('CREATE TABLE `k...')
#2 C:\laragon\www\reservasi-paket-wisata\system\Database\BaseConnection.php(646): CodeIgniter\Database\BaseConnection->simpleQuery('CREATE TABLE `k...')
#3 C:\laragon\www\reservasi-paket-wisata\system\Database\Forge.php(570): CodeIgniter\Database\BaseConnection->query('CREATE TABLE `k...')
#4 C:\laragon\www\reservasi-paket-wisata\app\Database\Migrations\2025-10-20-103511_Karyawan.php(48): CodeIgniter\Database\Forge->createTable('karyawan', true)
#5 C:\laragon\www\reservasi-paket-wisata\system\Database\MigrationRunner.php(876): App\Database\Migrations\Karyawan->up()
#6 C:\laragon\www\reservasi-paket-wisata\system\Database\MigrationRunner.php(182): CodeIgniter\Database\MigrationRunner->migrate('up', Object(stdClass))
#7 C:\laragon\www\reservasi-paket-wisata\system\Commands\Database\Migrate.php(85): CodeIgniter\Database\MigrationRunner->latest(NULL)
#8 C:\laragon\www\reservasi-paket-wisata\system\CLI\Commands.php(74): CodeIgniter\Commands\Database\Migrate->run(Array)
#9 C:\laragon\www\reservasi-paket-wisata\system\CLI\Console.php(47): CodeIgniter\CLI\Commands->run('migrate', Array)
#10 C:\laragon\www\reservasi-paket-wisata\system\Boot.php(388): CodeIgniter\CLI\Console->run()
#11 C:\laragon\www\reservasi-paket-wisata\system\Boot.php(133): CodeIgniter\Boot::runCommand(Object(CodeIgniter\CLI\Console))
#12 C:\laragon\www\reservasi-paket-wisata\spark(87): CodeIgniter\Boot::bootSpark(Object(Config\Paths))
#13 {main}
ERROR - 2025-10-20 10:58:49 --> mysqli_sql_exception: You have an error in your SQL syntax; check the manual that corresponds to your MySQL server version for the right syntax to use near ') NULL,
	CONSTRAINT `pk_paket_wisata` PRIMARY KEY(`id`)
) ENGINE = InnoDB DEFAUL' at line 5 in C:\laragon\www\reservasi-paket-wisata\system\Database\MySQLi\Connection.php:327
Stack trace:
#0 C:\laragon\www\reservasi-paket-wisata\system\Database\MySQLi\Connection.php(327): mysqli->query('CREATE TABLE `p...', 0)
#1 C:\laragon\www\reservasi-paket-wisata\system\Database\BaseConnection.php(729): CodeIgniter\Database\MySQLi\Connection->execute('CREATE TABLE `p...')
#2 C:\laragon\www\reservasi-paket-wisata\system\Database\BaseConnection.php(646): CodeIgniter\Database\BaseConnection->simpleQuery('CREATE TABLE `p...')
#3 C:\laragon\www\reservasi-paket-wisata\system\Database\Forge.php(570): CodeIgniter\Database\BaseConnection->query('CREATE TABLE `p...')
#4 C:\laragon\www\reservasi-paket-wisata\app\Database\Migrations\2025-10-20-105438_PaketWisata.php(40): CodeIgniter\Database\Forge->createTable('paket_wisata', true, Array)
#5 C:\laragon\www\reservasi-paket-wisata\system\Database\MigrationRunner.php(876): App\Database\Migrations\PaketWisata->up()
#6 C:\laragon\www\reservasi-paket-wisata\system\Database\MigrationRunner.php(182): CodeIgniter\Database\MigrationRunner->migrate('up', Object(stdClass))
#7 C:\laragon\www\reservasi-paket-wisata\system\Commands\Database\Migrate.php(85): CodeIgniter\Database\MigrationRunner->latest(NULL)
#8 C:\laragon\www\reservasi-paket-wisata\system\CLI\Commands.php(74): CodeIgniter\Commands\Database\Migrate->run(Array)
#9 C:\laragon\www\reservasi-paket-wisata\system\CLI\BaseCommand.php(119): CodeIgniter\CLI\Commands->run('migrate', Array)
#10 C:\laragon\www\reservasi-paket-wisata\system\Commands\Database\MigrateRefresh.php(87): CodeIgniter\CLI\BaseCommand->call('migrate', Array)
#11 C:\laragon\www\reservasi-paket-wisata\system\CLI\Commands.php(74): CodeIgniter\Commands\Database\MigrateRefresh->run(Array)
#12 C:\laragon\www\reservasi-paket-wisata\system\CLI\Console.php(47): CodeIgniter\CLI\Commands->run('migrate:refresh', Array)
#13 C:\laragon\www\reservasi-paket-wisata\system\Boot.php(388): CodeIgniter\CLI\Console->run()
#14 C:\laragon\www\reservasi-paket-wisata\system\Boot.php(133): CodeIgniter\Boot::runCommand(Object(CodeIgniter\CLI\Console))
#15 C:\laragon\www\reservasi-paket-wisata\spark(87): CodeIgniter\Boot::bootSpark(Object(Config\Paths))
#16 {main}
ERROR - 2025-10-20 11:00:15 --> mysqli_sql_exception: You have an error in your SQL syntax; check the manual that corresponds to your MySQL server version for the right syntax to use near ') NULL,
	CONSTRAINT `pk_paket_wisata` PRIMARY KEY(`id`)
) ENGINE = InnoDB DEFAUL' at line 5 in C:\laragon\www\reservasi-paket-wisata\system\Database\MySQLi\Connection.php:327
Stack trace:
#0 C:\laragon\www\reservasi-paket-wisata\system\Database\MySQLi\Connection.php(327): mysqli->query('CREATE TABLE `p...', 0)
#1 C:\laragon\www\reservasi-paket-wisata\system\Database\BaseConnection.php(729): CodeIgniter\Database\MySQLi\Connection->execute('CREATE TABLE `p...')
#2 C:\laragon\www\reservasi-paket-wisata\system\Database\BaseConnection.php(646): CodeIgniter\Database\BaseConnection->simpleQuery('CREATE TABLE `p...')
#3 C:\laragon\www\reservasi-paket-wisata\system\Database\Forge.php(570): CodeIgniter\Database\BaseConnection->query('CREATE TABLE `p...')
#4 C:\laragon\www\reservasi-paket-wisata\app\Database\Migrations\2025-10-20-105438_PaketWisata.php(41): CodeIgniter\Database\Forge->createTable('paket_wisata', true, Array)
#5 C:\laragon\www\reservasi-paket-wisata\system\Database\MigrationRunner.php(876): App\Database\Migrations\PaketWisata->up()
#6 C:\laragon\www\reservasi-paket-wisata\system\Database\MigrationRunner.php(182): CodeIgniter\Database\MigrationRunner->migrate('up', Object(stdClass))
#7 C:\laragon\www\reservasi-paket-wisata\system\Commands\Database\Migrate.php(85): CodeIgniter\Database\MigrationRunner->latest(NULL)
#8 C:\laragon\www\reservasi-paket-wisata\system\CLI\Commands.php(74): CodeIgniter\Commands\Database\Migrate->run(Array)
#9 C:\laragon\www\reservasi-paket-wisata\system\CLI\BaseCommand.php(119): CodeIgniter\CLI\Commands->run('migrate', Array)
#10 C:\laragon\www\reservasi-paket-wisata\system\Commands\Database\MigrateRefresh.php(87): CodeIgniter\CLI\BaseCommand->call('migrate', Array)
#11 C:\laragon\www\reservasi-paket-wisata\system\CLI\Commands.php(74): CodeIgniter\Commands\Database\MigrateRefresh->run(Array)
#12 C:\laragon\www\reservasi-paket-wisata\system\CLI\Console.php(47): CodeIgniter\CLI\Commands->run('migrate:refresh', Array)
#13 C:\laragon\www\reservasi-paket-wisata\system\Boot.php(388): CodeIgniter\CLI\Console->run()
#14 C:\laragon\www\reservasi-paket-wisata\system\Boot.php(133): CodeIgniter\Boot::runCommand(Object(CodeIgniter\CLI\Console))
#15 C:\laragon\www\reservasi-paket-wisata\spark(87): CodeIgniter\Boot::bootSpark(Object(Config\Paths))
#16 {main}
ERROR - 2025-10-20 11:10:45 --> mysqli_sql_exception: Can't create table 'reservasi_paketwisata.pemberangkatan' (errno: 150) in C:\laragon\www\reservasi-paket-wisata\system\Database\MySQLi\Connection.php:327
Stack trace:
#0 C:\laragon\www\reservasi-paket-wisata\system\Database\MySQLi\Connection.php(327): mysqli->query('CREATE TABLE `p...', 0)
#1 C:\laragon\www\reservasi-paket-wisata\system\Database\BaseConnection.php(729): CodeIgniter\Database\MySQLi\Connection->execute('CREATE TABLE `p...')
#2 C:\laragon\www\reservasi-paket-wisata\system\Database\BaseConnection.php(646): CodeIgniter\Database\BaseConnection->simpleQuery('CREATE TABLE `p...')
#3 C:\laragon\www\reservasi-paket-wisata\system\Database\Forge.php(570): CodeIgniter\Database\BaseConnection->query('CREATE TABLE `p...')
#4 C:\laragon\www\reservasi-paket-wisata\app\Database\Migrations\2025-10-20-104305_Pemberangkatan.php(62): CodeIgniter\Database\Forge->createTable('pemberangkatan', true, Array)
#5 C:\laragon\www\reservasi-paket-wisata\system\Database\MigrationRunner.php(876): App\Database\Migrations\Pemberangkatan->up()
#6 C:\laragon\www\reservasi-paket-wisata\system\Database\MigrationRunner.php(182): CodeIgniter\Database\MigrationRunner->migrate('up', Object(stdClass))
#7 C:\laragon\www\reservasi-paket-wisata\system\Commands\Database\Migrate.php(85): CodeIgniter\Database\MigrationRunner->latest(NULL)
#8 C:\laragon\www\reservasi-paket-wisata\system\CLI\Commands.php(74): CodeIgniter\Commands\Database\Migrate->run(Array)
#9 C:\laragon\www\reservasi-paket-wisata\system\CLI\BaseCommand.php(119): CodeIgniter\CLI\Commands->run('migrate', Array)
#10 C:\laragon\www\reservasi-paket-wisata\system\Commands\Database\MigrateRefresh.php(87): CodeIgniter\CLI\BaseCommand->call('migrate', Array)
#11 C:\laragon\www\reservasi-paket-wisata\system\CLI\Commands.php(74): CodeIgniter\Commands\Database\MigrateRefresh->run(Array)
#12 C:\laragon\www\reservasi-paket-wisata\system\CLI\Console.php(47): CodeIgniter\CLI\Commands->run('migrate:refresh', Array)
#13 C:\laragon\www\reservasi-paket-wisata\system\Boot.php(388): CodeIgniter\CLI\Console->run()
#14 C:\laragon\www\reservasi-paket-wisata\system\Boot.php(133): CodeIgniter\Boot::runCommand(Object(CodeIgniter\CLI\Console))
#15 C:\laragon\www\reservasi-paket-wisata\spark(87): CodeIgniter\Boot::bootSpark(Object(Config\Paths))
#16 {main}
ERROR - 2025-10-20 11:12:07 --> mysqli_sql_exception: Can't create table 'reservasi_paketwisata.pemberangkatan' (errno: 150) in C:\laragon\www\reservasi-paket-wisata\system\Database\MySQLi\Connection.php:327
Stack trace:
#0 C:\laragon\www\reservasi-paket-wisata\system\Database\MySQLi\Connection.php(327): mysqli->query('CREATE TABLE `p...', 0)
#1 C:\laragon\www\reservasi-paket-wisata\system\Database\BaseConnection.php(729): CodeIgniter\Database\MySQLi\Connection->execute('CREATE TABLE `p...')
#2 C:\laragon\www\reservasi-paket-wisata\system\Database\BaseConnection.php(646): CodeIgniter\Database\BaseConnection->simpleQuery('CREATE TABLE `p...')
#3 C:\laragon\www\reservasi-paket-wisata\system\Database\Forge.php(570): CodeIgniter\Database\BaseConnection->query('CREATE TABLE `p...')
#4 C:\laragon\www\reservasi-paket-wisata\app\Database\Migrations\2025-10-20-104305_Pemberangkatan.php(57): CodeIgniter\Database\Forge->createTable('pemberangkatan', true, Array)
#5 C:\laragon\www\reservasi-paket-wisata\system\Database\MigrationRunner.php(876): App\Database\Migrations\Pemberangkatan->up()
#6 C:\laragon\www\reservasi-paket-wisata\system\Database\MigrationRunner.php(182): CodeIgniter\Database\MigrationRunner->migrate('up', Object(stdClass))
#7 C:\laragon\www\reservasi-paket-wisata\system\Commands\Database\Migrate.php(85): CodeIgniter\Database\MigrationRunner->latest(NULL)
#8 C:\laragon\www\reservasi-paket-wisata\system\CLI\Commands.php(74): CodeIgniter\Commands\Database\Migrate->run(Array)
#9 C:\laragon\www\reservasi-paket-wisata\system\CLI\BaseCommand.php(119): CodeIgniter\CLI\Commands->run('migrate', Array)
#10 C:\laragon\www\reservasi-paket-wisata\system\Commands\Database\MigrateRefresh.php(87): CodeIgniter\CLI\BaseCommand->call('migrate', Array)
#11 C:\laragon\www\reservasi-paket-wisata\system\CLI\Commands.php(74): CodeIgniter\Commands\Database\MigrateRefresh->run(Array)
#12 C:\laragon\www\reservasi-paket-wisata\system\CLI\Console.php(47): CodeIgniter\CLI\Commands->run('migrate:refresh', Array)
#13 C:\laragon\www\reservasi-paket-wisata\system\Boot.php(388): CodeIgniter\CLI\Console->run()
#14 C:\laragon\www\reservasi-paket-wisata\system\Boot.php(133): CodeIgniter\Boot::runCommand(Object(CodeIgniter\CLI\Console))
#15 C:\laragon\www\reservasi-paket-wisata\spark(87): CodeIgniter\Boot::bootSpark(Object(Config\Paths))
#16 {main}
ERROR - 2025-10-20 15:01:05 --> mysqli_sql_exception: Can't create table 'reservasi_paketwisata.pemberangkatan' (errno: 150) in C:\laragon\www\reservasi-paket-wisata\system\Database\MySQLi\Connection.php:327
Stack trace:
#0 C:\laragon\www\reservasi-paket-wisata\system\Database\MySQLi\Connection.php(327): mysqli->query('CREATE TABLE `p...', 0)
#1 C:\laragon\www\reservasi-paket-wisata\system\Database\BaseConnection.php(729): CodeIgniter\Database\MySQLi\Connection->execute('CREATE TABLE `p...')
#2 C:\laragon\www\reservasi-paket-wisata\system\Database\BaseConnection.php(646): CodeIgniter\Database\BaseConnection->simpleQuery('CREATE TABLE `p...')
#3 C:\laragon\www\reservasi-paket-wisata\system\Database\Forge.php(570): CodeIgniter\Database\BaseConnection->query('CREATE TABLE `p...')
#4 C:\laragon\www\reservasi-paket-wisata\app\Database\Migrations\2025-10-20-104305_Pemberangkatan.php(62): CodeIgniter\Database\Forge->createTable('pemberangkatan', true, Array)
#5 C:\laragon\www\reservasi-paket-wisata\system\Database\MigrationRunner.php(876): App\Database\Migrations\Pemberangkatan->up()
#6 C:\laragon\www\reservasi-paket-wisata\system\Database\MigrationRunner.php(182): CodeIgniter\Database\MigrationRunner->migrate('up', Object(stdClass))
#7 C:\laragon\www\reservasi-paket-wisata\system\Commands\Database\Migrate.php(85): CodeIgniter\Database\MigrationRunner->latest(NULL)
#8 C:\laragon\www\reservasi-paket-wisata\system\CLI\Commands.php(74): CodeIgniter\Commands\Database\Migrate->run(Array)
#9 C:\laragon\www\reservasi-paket-wisata\system\CLI\Console.php(47): CodeIgniter\CLI\Commands->run('migrate', Array)
#10 C:\laragon\www\reservasi-paket-wisata\system\Boot.php(388): CodeIgniter\CLI\Console->run()
#11 C:\laragon\www\reservasi-paket-wisata\system\Boot.php(133): CodeIgniter\Boot::runCommand(Object(CodeIgniter\CLI\Console))
#12 C:\laragon\www\reservasi-paket-wisata\spark(87): CodeIgniter\Boot::bootSpark(Object(Config\Paths))
#13 {main}
ERROR - 2025-10-20 15:48:38 --> Error connecting to the database: mysqli_sql_exception: No connection could be made because the target machine actively refused it in C:\laragon\www\reservasi-paket-wisata\system\Database\MySQLi\Connection.php:202
Stack trace:
#0 C:\laragon\www\reservasi-paket-wisata\system\Database\MySQLi\Connection.php(202): mysqli->real_connect('localhost', 'root', '', 'reservasi_paket...', 3306, '', 0)
#1 C:\laragon\www\reservasi-paket-wisata\system\Database\BaseConnection.php(419): CodeIgniter\Database\MySQLi\Connection->connect(false)
#2 C:\laragon\www\reservasi-paket-wisata\system\Database\BaseConnection.php(614): CodeIgniter\Database\BaseConnection->initialize()
#3 C:\laragon\www\reservasi-paket-wisata\system\Database\BaseConnection.php(1525): CodeIgniter\Database\BaseConnection->query('SHOW TABLES FRO...')
#4 C:\laragon\www\reservasi-paket-wisata\system\Database\BaseConnection.php(1545): CodeIgniter\Database\BaseConnection->listTables()
#5 C:\laragon\www\reservasi-paket-wisata\system\Database\MigrationRunner.php(768): CodeIgniter\Database\BaseConnection->tableExists('migrations')
#6 C:\laragon\www\reservasi-paket-wisata\system\Database\MigrationRunner.php(231): CodeIgniter\Database\MigrationRunner->ensureTable()
#7 C:\laragon\www\reservasi-paket-wisata\system\Commands\Database\MigrateRollback.php(101): CodeIgniter\Database\MigrationRunner->regress(0)
#8 C:\laragon\www\reservasi-paket-wisata\system\CLI\Commands.php(74): CodeIgniter\Commands\Database\MigrateRollback->run(Array)
#9 C:\laragon\www\reservasi-paket-wisata\system\CLI\BaseCommand.php(119): CodeIgniter\CLI\Commands->run('migrate:rollbac...', Array)
#10 C:\laragon\www\reservasi-paket-wisata\system\Commands\Database\MigrateRefresh.php(86): CodeIgniter\CLI\BaseCommand->call('migrate:rollbac...', Array)
#11 C:\laragon\www\reservasi-paket-wisata\system\CLI\Commands.php(74): CodeIgniter\Commands\Database\MigrateRefresh->run(Array)
#12 C:\laragon\www\reservasi-paket-wisata\system\CLI\Console.php(47): CodeIgniter\CLI\Commands->run('migrate:refresh', Array)
#13 C:\laragon\www\reservasi-paket-wisata\system\Boot.php(388): CodeIgniter\CLI\Console->run()
#14 C:\laragon\www\reservasi-paket-wisata\system\Boot.php(133): CodeIgniter\Boot::runCommand(Object(CodeIgniter\CLI\Console))
#15 C:\laragon\www\reservasi-paket-wisata\spark(87): CodeIgniter\Boot::bootSpark(Object(Config\Paths))
#16 {main}

Next CodeIgniter\Database\Exceptions\DatabaseException: No connection could be made because the target machine actively refused it in C:\laragon\www\reservasi-paket-wisata\system\Database\MySQLi\Connection.php:246
Stack trace:
#0 C:\laragon\www\reservasi-paket-wisata\system\Database\BaseConnection.php(419): CodeIgniter\Database\MySQLi\Connection->connect(false)
#1 C:\laragon\www\reservasi-paket-wisata\system\Database\BaseConnection.php(614): CodeIgniter\Database\BaseConnection->initialize()
#2 C:\laragon\www\reservasi-paket-wisata\system\Database\BaseConnection.php(1525): CodeIgniter\Database\BaseConnection->query('SHOW TABLES FRO...')
#3 C:\laragon\www\reservasi-paket-wisata\system\Database\BaseConnection.php(1545): CodeIgniter\Database\BaseConnection->listTables()
#4 C:\laragon\www\reservasi-paket-wisata\system\Database\MigrationRunner.php(768): CodeIgniter\Database\BaseConnection->tableExists('migrations')
#5 C:\laragon\www\reservasi-paket-wisata\system\Database\MigrationRunner.php(231): CodeIgniter\Database\MigrationRunner->ensureTable()
#6 C:\laragon\www\reservasi-paket-wisata\system\Commands\Database\MigrateRollback.php(101): CodeIgniter\Database\MigrationRunner->regress(0)
#7 C:\laragon\www\reservasi-paket-wisata\system\CLI\Commands.php(74): CodeIgniter\Commands\Database\MigrateRollback->run(Array)
#8 C:\laragon\www\reservasi-paket-wisata\system\CLI\BaseCommand.php(119): CodeIgniter\CLI\Commands->run('migrate:rollbac...', Array)
#9 C:\laragon\www\reservasi-paket-wisata\system\Commands\Database\MigrateRefresh.php(86): CodeIgniter\CLI\BaseCommand->call('migrate:rollbac...', Array)
#10 C:\laragon\www\reservasi-paket-wisata\system\CLI\Commands.php(74): CodeIgniter\Commands\Database\MigrateRefresh->run(Array)
#11 C:\laragon\www\reservasi-paket-wisata\system\CLI\Console.php(47): CodeIgniter\CLI\Commands->run('migrate:refresh', Array)
#12 C:\laragon\www\reservasi-paket-wisata\system\Boot.php(388): CodeIgniter\CLI\Console->run()
#13 C:\laragon\www\reservasi-paket-wisata\system\Boot.php(133): CodeIgniter\Boot::runCommand(Object(CodeIgniter\CLI\Console))
#14 C:\laragon\www\reservasi-paket-wisata\spark(87): CodeIgniter\Boot::bootSpark(Object(Config\Paths))
#15 {main}
ERROR - 2025-10-20 15:48:42 --> Error connecting to the database: mysqli_sql_exception: No connection could be made because the target machine actively refused it in C:\laragon\www\reservasi-paket-wisata\system\Database\MySQLi\Connection.php:202
Stack trace:
#0 C:\laragon\www\reservasi-paket-wisata\system\Database\MySQLi\Connection.php(202): mysqli->real_connect('localhost', 'root', '', 'reservasi_paket...', 3306, '', 0)
#1 C:\laragon\www\reservasi-paket-wisata\system\Database\BaseConnection.php(419): CodeIgniter\Database\MySQLi\Connection->connect(false)
#2 C:\laragon\www\reservasi-paket-wisata\system\Database\BaseConnection.php(614): CodeIgniter\Database\BaseConnection->initialize()
#3 C:\laragon\www\reservasi-paket-wisata\system\Database\BaseConnection.php(1525): CodeIgniter\Database\BaseConnection->query('SHOW TABLES FRO...')
#4 C:\laragon\www\reservasi-paket-wisata\system\Database\BaseConnection.php(1545): CodeIgniter\Database\BaseConnection->listTables()
#5 C:\laragon\www\reservasi-paket-wisata\system\Database\MigrationRunner.php(768): CodeIgniter\Database\BaseConnection->tableExists('migrations')
#6 C:\laragon\www\reservasi-paket-wisata\system\Database\MigrationRunner.php(162): CodeIgniter\Database\MigrationRunner->ensureTable()
#7 C:\laragon\www\reservasi-paket-wisata\system\Commands\Database\Migrate.php(85): CodeIgniter\Database\MigrationRunner->latest(NULL)
#8 C:\laragon\www\reservasi-paket-wisata\system\CLI\Commands.php(74): CodeIgniter\Commands\Database\Migrate->run(Array)
#9 C:\laragon\www\reservasi-paket-wisata\system\CLI\BaseCommand.php(119): CodeIgniter\CLI\Commands->run('migrate', Array)
#10 C:\laragon\www\reservasi-paket-wisata\system\Commands\Database\MigrateRefresh.php(87): CodeIgniter\CLI\BaseCommand->call('migrate', Array)
#11 C:\laragon\www\reservasi-paket-wisata\system\CLI\Commands.php(74): CodeIgniter\Commands\Database\MigrateRefresh->run(Array)
#12 C:\laragon\www\reservasi-paket-wisata\system\CLI\Console.php(47): CodeIgniter\CLI\Commands->run('migrate:refresh', Array)
#13 C:\laragon\www\reservasi-paket-wisata\system\Boot.php(388): CodeIgniter\CLI\Console->run()
#14 C:\laragon\www\reservasi-paket-wisata\system\Boot.php(133): CodeIgniter\Boot::runCommand(Object(CodeIgniter\CLI\Console))
#15 C:\laragon\www\reservasi-paket-wisata\spark(87): CodeIgniter\Boot::bootSpark(Object(Config\Paths))
#16 {main}

Next CodeIgniter\Database\Exceptions\DatabaseException: No connection could be made because the target machine actively refused it in C:\laragon\www\reservasi-paket-wisata\system\Database\MySQLi\Connection.php:246
Stack trace:
#0 C:\laragon\www\reservasi-paket-wisata\system\Database\BaseConnection.php(419): CodeIgniter\Database\MySQLi\Connection->connect(false)
#1 C:\laragon\www\reservasi-paket-wisata\system\Database\BaseConnection.php(614): CodeIgniter\Database\BaseConnection->initialize()
#2 C:\laragon\www\reservasi-paket-wisata\system\Database\BaseConnection.php(1525): CodeIgniter\Database\BaseConnection->query('SHOW TABLES FRO...')
#3 C:\laragon\www\reservasi-paket-wisata\system\Database\BaseConnection.php(1545): CodeIgniter\Database\BaseConnection->listTables()
#4 C:\laragon\www\reservasi-paket-wisata\system\Database\MigrationRunner.php(768): CodeIgniter\Database\BaseConnection->tableExists('migrations')
#5 C:\laragon\www\reservasi-paket-wisata\system\Database\MigrationRunner.php(162): CodeIgniter\Database\MigrationRunner->ensureTable()
#6 C:\laragon\www\reservasi-paket-wisata\system\Commands\Database\Migrate.php(85): CodeIgniter\Database\MigrationRunner->latest(NULL)
#7 C:\laragon\www\reservasi-paket-wisata\system\CLI\Commands.php(74): CodeIgniter\Commands\Database\Migrate->run(Array)
#8 C:\laragon\www\reservasi-paket-wisata\system\CLI\BaseCommand.php(119): CodeIgniter\CLI\Commands->run('migrate', Array)
#9 C:\laragon\www\reservasi-paket-wisata\system\Commands\Database\MigrateRefresh.php(87): CodeIgniter\CLI\BaseCommand->call('migrate', Array)
#10 C:\laragon\www\reservasi-paket-wisata\system\CLI\Commands.php(74): CodeIgniter\Commands\Database\MigrateRefresh->run(Array)
#11 C:\laragon\www\reservasi-paket-wisata\system\CLI\Console.php(47): CodeIgniter\CLI\Commands->run('migrate:refresh', Array)
#12 C:\laragon\www\reservasi-paket-wisata\system\Boot.php(388): CodeIgniter\CLI\Console->run()
#13 C:\laragon\www\reservasi-paket-wisata\system\Boot.php(133): CodeIgniter\Boot::runCommand(Object(CodeIgniter\CLI\Console))
#14 C:\laragon\www\reservasi-paket-wisata\spark(87): CodeIgniter\Boot::bootSpark(Object(Config\Paths))
#15 {main}
ERROR - 2025-10-20 16:09:43 --> mysqli_sql_exception: Can't create table 'reservasi_paketwisata.pemberangkatan' (errno: 150) in C:\laragon\www\reservasi-paket-wisata\system\Database\MySQLi\Connection.php:327
Stack trace:
#0 C:\laragon\www\reservasi-paket-wisata\system\Database\MySQLi\Connection.php(327): mysqli->query('CREATE TABLE `p...', 0)
#1 C:\laragon\www\reservasi-paket-wisata\system\Database\BaseConnection.php(729): CodeIgniter\Database\MySQLi\Connection->execute('CREATE TABLE `p...')
#2 C:\laragon\www\reservasi-paket-wisata\system\Database\BaseConnection.php(646): CodeIgniter\Database\BaseConnection->simpleQuery('CREATE TABLE `p...')
#3 C:\laragon\www\reservasi-paket-wisata\system\Database\Forge.php(570): CodeIgniter\Database\BaseConnection->query('CREATE TABLE `p...')
#4 C:\laragon\www\reservasi-paket-wisata\app\Database\Migrations\2025-10-20-150352_Pemberangkatan.php(58): CodeIgniter\Database\Forge->createTable('pemberangkatan', true)
#5 C:\laragon\www\reservasi-paket-wisata\system\Database\MigrationRunner.php(876): App\Database\Migrations\Pemberangkatan->up()
#6 C:\laragon\www\reservasi-paket-wisata\system\Database\MigrationRunner.php(182): CodeIgniter\Database\MigrationRunner->migrate('up', Object(stdClass))
#7 C:\laragon\www\reservasi-paket-wisata\system\Commands\Database\Migrate.php(85): CodeIgniter\Database\MigrationRunner->latest(NULL)
#8 C:\laragon\www\reservasi-paket-wisata\system\CLI\Commands.php(74): CodeIgniter\Commands\Database\Migrate->run(Array)
#9 C:\laragon\www\reservasi-paket-wisata\system\CLI\BaseCommand.php(119): CodeIgniter\CLI\Commands->run('migrate', Array)
#10 C:\laragon\www\reservasi-paket-wisata\system\Commands\Database\MigrateRefresh.php(87): CodeIgniter\CLI\BaseCommand->call('migrate', Array)
#11 C:\laragon\www\reservasi-paket-wisata\system\CLI\Commands.php(74): CodeIgniter\Commands\Database\MigrateRefresh->run(Array)
#12 C:\laragon\www\reservasi-paket-wisata\system\CLI\Console.php(47): CodeIgniter\CLI\Commands->run('migrate:refresh', Array)
#13 C:\laragon\www\reservasi-paket-wisata\system\Boot.php(388): CodeIgniter\CLI\Console->run()
#14 C:\laragon\www\reservasi-paket-wisata\system\Boot.php(133): CodeIgniter\Boot::runCommand(Object(CodeIgniter\CLI\Console))
#15 C:\laragon\www\reservasi-paket-wisata\spark(87): CodeIgniter\Boot::bootSpark(Object(Config\Paths))
#16 {main}
ERROR - 2025-10-20 16:17:02 --> mysqli_sql_exception: Can't create table 'reservasi_paketwisata.pemberangkatan' (errno: 150) in C:\laragon\www\reservasi-paket-wisata\system\Database\MySQLi\Connection.php:327
Stack trace:
#0 C:\laragon\www\reservasi-paket-wisata\system\Database\MySQLi\Connection.php(327): mysqli->query('CREATE TABLE `p...', 0)
#1 C:\laragon\www\reservasi-paket-wisata\system\Database\BaseConnection.php(729): CodeIgniter\Database\MySQLi\Connection->execute('CREATE TABLE `p...')
#2 C:\laragon\www\reservasi-paket-wisata\system\Database\BaseConnection.php(646): CodeIgniter\Database\BaseConnection->simpleQuery('CREATE TABLE `p...')
#3 C:\laragon\www\reservasi-paket-wisata\system\Database\Forge.php(570): CodeIgniter\Database\BaseConnection->query('CREATE TABLE `p...')
#4 C:\laragon\www\reservasi-paket-wisata\app\Database\Migrations\2025-10-20-150352_Pemberangkatan.php(58): CodeIgniter\Database\Forge->createTable('pemberangkatan', true)
#5 C:\laragon\www\reservasi-paket-wisata\system\Database\MigrationRunner.php(876): App\Database\Migrations\Pemberangkatan->up()
#6 C:\laragon\www\reservasi-paket-wisata\system\Database\MigrationRunner.php(182): CodeIgniter\Database\MigrationRunner->migrate('up', Object(stdClass))
#7 C:\laragon\www\reservasi-paket-wisata\system\Commands\Database\Migrate.php(85): CodeIgniter\Database\MigrationRunner->latest(NULL)
#8 C:\laragon\www\reservasi-paket-wisata\system\CLI\Commands.php(74): CodeIgniter\Commands\Database\Migrate->run(Array)
#9 C:\laragon\www\reservasi-paket-wisata\system\CLI\BaseCommand.php(119): CodeIgniter\CLI\Commands->run('migrate', Array)
#10 C:\laragon\www\reservasi-paket-wisata\system\Commands\Database\MigrateRefresh.php(87): CodeIgniter\CLI\BaseCommand->call('migrate', Array)
#11 C:\laragon\www\reservasi-paket-wisata\system\CLI\Commands.php(74): CodeIgniter\Commands\Database\MigrateRefresh->run(Array)
#12 C:\laragon\www\reservasi-paket-wisata\system\CLI\Console.php(47): CodeIgniter\CLI\Commands->run('migrate:refresh', Array)
#13 C:\laragon\www\reservasi-paket-wisata\system\Boot.php(388): CodeIgniter\CLI\Console->run()
#14 C:\laragon\www\reservasi-paket-wisata\system\Boot.php(133): CodeIgniter\Boot::runCommand(Object(CodeIgniter\CLI\Console))
#15 C:\laragon\www\reservasi-paket-wisata\spark(87): CodeIgniter\Boot::bootSpark(Object(Config\Paths))
#16 {main}
ERROR - 2025-10-20 16:18:09 --> mysqli_sql_exception: Can't create table 'reservasi_paketwisata.pemberangkatan' (errno: 150) in C:\laragon\www\reservasi-paket-wisata\system\Database\MySQLi\Connection.php:327
Stack trace:
#0 C:\laragon\www\reservasi-paket-wisata\system\Database\MySQLi\Connection.php(327): mysqli->query('CREATE TABLE `p...', 0)
#1 C:\laragon\www\reservasi-paket-wisata\system\Database\BaseConnection.php(729): CodeIgniter\Database\MySQLi\Connection->execute('CREATE TABLE `p...')
#2 C:\laragon\www\reservasi-paket-wisata\system\Database\BaseConnection.php(646): CodeIgniter\Database\BaseConnection->simpleQuery('CREATE TABLE `p...')
#3 C:\laragon\www\reservasi-paket-wisata\system\Database\Forge.php(570): CodeIgniter\Database\BaseConnection->query('CREATE TABLE `p...')
#4 C:\laragon\www\reservasi-paket-wisata\app\Database\Migrations\2025-10-20-150352_Pemberangkatan.php(58): CodeIgniter\Database\Forge->createTable('pemberangkatan', true)
#5 C:\laragon\www\reservasi-paket-wisata\system\Database\MigrationRunner.php(876): App\Database\Migrations\Pemberangkatan->up()
#6 C:\laragon\www\reservasi-paket-wisata\system\Database\MigrationRunner.php(182): CodeIgniter\Database\MigrationRunner->migrate('up', Object(stdClass))
#7 C:\laragon\www\reservasi-paket-wisata\system\Commands\Database\Migrate.php(85): CodeIgniter\Database\MigrationRunner->latest(NULL)
#8 C:\laragon\www\reservasi-paket-wisata\system\CLI\Commands.php(74): CodeIgniter\Commands\Database\Migrate->run(Array)
#9 C:\laragon\www\reservasi-paket-wisata\system\CLI\BaseCommand.php(119): CodeIgniter\CLI\Commands->run('migrate', Array)
#10 C:\laragon\www\reservasi-paket-wisata\system\Commands\Database\MigrateRefresh.php(87): CodeIgniter\CLI\BaseCommand->call('migrate', Array)
#11 C:\laragon\www\reservasi-paket-wisata\system\CLI\Commands.php(74): CodeIgniter\Commands\Database\MigrateRefresh->run(Array)
#12 C:\laragon\www\reservasi-paket-wisata\system\CLI\Console.php(47): CodeIgniter\CLI\Commands->run('migrate:refresh', Array)
#13 C:\laragon\www\reservasi-paket-wisata\system\Boot.php(388): CodeIgniter\CLI\Console->run()
#14 C:\laragon\www\reservasi-paket-wisata\system\Boot.php(133): CodeIgniter\Boot::runCommand(Object(CodeIgniter\CLI\Console))
#15 C:\laragon\www\reservasi-paket-wisata\spark(87): CodeIgniter\Boot::bootSpark(Object(Config\Paths))
#16 {main}
ERROR - 2025-10-20 16:24:33 --> mysqli_sql_exception: Can't create table 'reservasi_paketwisata.pemberangkatan' (errno: 150) in C:\laragon\www\reservasi-paket-wisata\system\Database\MySQLi\Connection.php:327
Stack trace:
#0 C:\laragon\www\reservasi-paket-wisata\system\Database\MySQLi\Connection.php(327): mysqli->query('CREATE TABLE `p...', 0)
#1 C:\laragon\www\reservasi-paket-wisata\system\Database\BaseConnection.php(729): CodeIgniter\Database\MySQLi\Connection->execute('CREATE TABLE `p...')
#2 C:\laragon\www\reservasi-paket-wisata\system\Database\BaseConnection.php(646): CodeIgniter\Database\BaseConnection->simpleQuery('CREATE TABLE `p...')
#3 C:\laragon\www\reservasi-paket-wisata\system\Database\Forge.php(570): CodeIgniter\Database\BaseConnection->query('CREATE TABLE `p...')
#4 C:\laragon\www\reservasi-paket-wisata\app\Database\Migrations\2025-10-20-150352_Pemberangkatan.php(58): CodeIgniter\Database\Forge->createTable('pemberangkatan', true)
#5 C:\laragon\www\reservasi-paket-wisata\system\Database\MigrationRunner.php(876): App\Database\Migrations\Pemberangkatan->up()
#6 C:\laragon\www\reservasi-paket-wisata\system\Database\MigrationRunner.php(182): CodeIgniter\Database\MigrationRunner->migrate('up', Object(stdClass))
#7 C:\laragon\www\reservasi-paket-wisata\system\Commands\Database\Migrate.php(85): CodeIgniter\Database\MigrationRunner->latest(NULL)
#8 C:\laragon\www\reservasi-paket-wisata\system\CLI\Commands.php(74): CodeIgniter\Commands\Database\Migrate->run(Array)
#9 C:\laragon\www\reservasi-paket-wisata\system\CLI\BaseCommand.php(119): CodeIgniter\CLI\Commands->run('migrate', Array)
#10 C:\laragon\www\reservasi-paket-wisata\system\Commands\Database\MigrateRefresh.php(87): CodeIgniter\CLI\BaseCommand->call('migrate', Array)
#11 C:\laragon\www\reservasi-paket-wisata\system\CLI\Commands.php(74): CodeIgniter\Commands\Database\MigrateRefresh->run(Array)
#12 C:\laragon\www\reservasi-paket-wisata\system\CLI\Console.php(47): CodeIgniter\CLI\Commands->run('migrate:refresh', Array)
#13 C:\laragon\www\reservasi-paket-wisata\system\Boot.php(388): CodeIgniter\CLI\Console->run()
#14 C:\laragon\www\reservasi-paket-wisata\system\Boot.php(133): CodeIgniter\Boot::runCommand(Object(CodeIgniter\CLI\Console))
#15 C:\laragon\www\reservasi-paket-wisata\spark(87): CodeIgniter\Boot::bootSpark(Object(Config\Paths))
#16 {main}
ERROR - 2025-10-20 16:25:00 --> mysqli_sql_exception: Can't create table 'reservasi_paketwisata.pemberangkatan' (errno: 150) in C:\laragon\www\reservasi-paket-wisata\system\Database\MySQLi\Connection.php:327
Stack trace:
#0 C:\laragon\www\reservasi-paket-wisata\system\Database\MySQLi\Connection.php(327): mysqli->query('CREATE TABLE `p...', 0)
#1 C:\laragon\www\reservasi-paket-wisata\system\Database\BaseConnection.php(729): CodeIgniter\Database\MySQLi\Connection->execute('CREATE TABLE `p...')
#2 C:\laragon\www\reservasi-paket-wisata\system\Database\BaseConnection.php(646): CodeIgniter\Database\BaseConnection->simpleQuery('CREATE TABLE `p...')
#3 C:\laragon\www\reservasi-paket-wisata\system\Database\Forge.php(570): CodeIgniter\Database\BaseConnection->query('CREATE TABLE `p...')
#4 C:\laragon\www\reservasi-paket-wisata\app\Database\Migrations\2025-10-20-150352_Pemberangkatan.php(58): CodeIgniter\Database\Forge->createTable('pemberangkatan', true)
#5 C:\laragon\www\reservasi-paket-wisata\system\Database\MigrationRunner.php(876): App\Database\Migrations\Pemberangkatan->up()
#6 C:\laragon\www\reservasi-paket-wisata\system\Database\MigrationRunner.php(182): CodeIgniter\Database\MigrationRunner->migrate('up', Object(stdClass))
#7 C:\laragon\www\reservasi-paket-wisata\system\Commands\Database\Migrate.php(85): CodeIgniter\Database\MigrationRunner->latest(NULL)
#8 C:\laragon\www\reservasi-paket-wisata\system\CLI\Commands.php(74): CodeIgniter\Commands\Database\Migrate->run(Array)
#9 C:\laragon\www\reservasi-paket-wisata\system\CLI\BaseCommand.php(119): CodeIgniter\CLI\Commands->run('migrate', Array)
#10 C:\laragon\www\reservasi-paket-wisata\system\Commands\Database\MigrateRefresh.php(87): CodeIgniter\CLI\BaseCommand->call('migrate', Array)
#11 C:\laragon\www\reservasi-paket-wisata\system\CLI\Commands.php(74): CodeIgniter\Commands\Database\MigrateRefresh->run(Array)
#12 C:\laragon\www\reservasi-paket-wisata\system\CLI\Console.php(47): CodeIgniter\CLI\Commands->run('migrate:refresh', Array)
#13 C:\laragon\www\reservasi-paket-wisata\system\Boot.php(388): CodeIgniter\CLI\Console->run()
#14 C:\laragon\www\reservasi-paket-wisata\system\Boot.php(133): CodeIgniter\Boot::runCommand(Object(CodeIgniter\CLI\Console))
#15 C:\laragon\www\reservasi-paket-wisata\spark(87): CodeIgniter\Boot::bootSpark(Object(Config\Paths))
#16 {main}
ERROR - 2025-10-20 16:26:08 --> mysqli_sql_exception: Can't create table 'reservasi_paketwisata.pemberangkatan' (errno: 150) in C:\laragon\www\reservasi-paket-wisata\system\Database\MySQLi\Connection.php:327
Stack trace:
#0 C:\laragon\www\reservasi-paket-wisata\system\Database\MySQLi\Connection.php(327): mysqli->query('CREATE TABLE `p...', 0)
#1 C:\laragon\www\reservasi-paket-wisata\system\Database\BaseConnection.php(729): CodeIgniter\Database\MySQLi\Connection->execute('CREATE TABLE `p...')
#2 C:\laragon\www\reservasi-paket-wisata\system\Database\BaseConnection.php(646): CodeIgniter\Database\BaseConnection->simpleQuery('CREATE TABLE `p...')
#3 C:\laragon\www\reservasi-paket-wisata\system\Database\Forge.php(570): CodeIgniter\Database\BaseConnection->query('CREATE TABLE `p...')
#4 C:\laragon\www\reservasi-paket-wisata\app\Database\Migrations\2025-10-20-150352_Pemberangkatan.php(58): CodeIgniter\Database\Forge->createTable('pemberangkatan', true)
#5 C:\laragon\www\reservasi-paket-wisata\system\Database\MigrationRunner.php(876): App\Database\Migrations\Pemberangkatan->up()
#6 C:\laragon\www\reservasi-paket-wisata\system\Database\MigrationRunner.php(182): CodeIgniter\Database\MigrationRunner->migrate('up', Object(stdClass))
#7 C:\laragon\www\reservasi-paket-wisata\system\Commands\Database\Migrate.php(85): CodeIgniter\Database\MigrationRunner->latest(NULL)
#8 C:\laragon\www\reservasi-paket-wisata\system\CLI\Commands.php(74): CodeIgniter\Commands\Database\Migrate->run(Array)
#9 C:\laragon\www\reservasi-paket-wisata\system\CLI\BaseCommand.php(119): CodeIgniter\CLI\Commands->run('migrate', Array)
#10 C:\laragon\www\reservasi-paket-wisata\system\Commands\Database\MigrateRefresh.php(87): CodeIgniter\CLI\BaseCommand->call('migrate', Array)
#11 C:\laragon\www\reservasi-paket-wisata\system\CLI\Commands.php(74): CodeIgniter\Commands\Database\MigrateRefresh->run(Array)
#12 C:\laragon\www\reservasi-paket-wisata\system\CLI\Console.php(47): CodeIgniter\CLI\Commands->run('migrate:refresh', Array)
#13 C:\laragon\www\reservasi-paket-wisata\system\Boot.php(388): CodeIgniter\CLI\Console->run()
#14 C:\laragon\www\reservasi-paket-wisata\system\Boot.php(133): CodeIgniter\Boot::runCommand(Object(CodeIgniter\CLI\Console))
#15 C:\laragon\www\reservasi-paket-wisata\spark(87): CodeIgniter\Boot::bootSpark(Object(Config\Paths))
#16 {main}
ERROR - 2025-10-20 16:52:32 --> mysqli_sql_exception: Incorrect column name 'tanggal_pesan  ' in C:\laragon\www\reservasi-paket-wisata\system\Database\MySQLi\Connection.php:327
Stack trace:
#0 C:\laragon\www\reservasi-paket-wisata\system\Database\MySQLi\Connection.php(327): mysqli->query('CREATE TABLE `p...', 0)
#1 C:\laragon\www\reservasi-paket-wisata\system\Database\BaseConnection.php(729): CodeIgniter\Database\MySQLi\Connection->execute('CREATE TABLE `p...')
#2 C:\laragon\www\reservasi-paket-wisata\system\Database\BaseConnection.php(646): CodeIgniter\Database\BaseConnection->simpleQuery('CREATE TABLE `p...')
#3 C:\laragon\www\reservasi-paket-wisata\system\Database\Forge.php(570): CodeIgniter\Database\BaseConnection->query('CREATE TABLE `p...')
#4 C:\laragon\www\reservasi-paket-wisata\app\Database\Migrations\2025-10-20-164946_Pemesanan.php(51): CodeIgniter\Database\Forge->createTable('pemesanan', true)
#5 C:\laragon\www\reservasi-paket-wisata\system\Database\MigrationRunner.php(876): App\Database\Migrations\Pemesanan->up()
#6 C:\laragon\www\reservasi-paket-wisata\system\Database\MigrationRunner.php(182): CodeIgniter\Database\MigrationRunner->migrate('up', Object(stdClass))
#7 C:\laragon\www\reservasi-paket-wisata\system\Commands\Database\Migrate.php(85): CodeIgniter\Database\MigrationRunner->latest(NULL)
#8 C:\laragon\www\reservasi-paket-wisata\system\CLI\Commands.php(74): CodeIgniter\Commands\Database\Migrate->run(Array)
#9 C:\laragon\www\reservasi-paket-wisata\system\CLI\BaseCommand.php(119): CodeIgniter\CLI\Commands->run('migrate', Array)
#10 C:\laragon\www\reservasi-paket-wisata\system\Commands\Database\MigrateRefresh.php(87): CodeIgniter\CLI\BaseCommand->call('migrate', Array)
#11 C:\laragon\www\reservasi-paket-wisata\system\CLI\Commands.php(74): CodeIgniter\Commands\Database\MigrateRefresh->run(Array)
#12 C:\laragon\www\reservasi-paket-wisata\system\CLI\Console.php(47): CodeIgniter\CLI\Commands->run('migrate:refresh', Array)
#13 C:\laragon\www\reservasi-paket-wisata\system\Boot.php(388): CodeIgniter\CLI\Console->run()
#14 C:\laragon\www\reservasi-paket-wisata\system\Boot.php(133): CodeIgniter\Boot::runCommand(Object(CodeIgniter\CLI\Console))
#15 C:\laragon\www\reservasi-paket-wisata\spark(87): CodeIgniter\Boot::bootSpark(Object(Config\Paths))
#16 {main}
ERROR - 2025-10-20 17:04:54 --> mysqli_sql_exception: Can't create table 'reservasi_paketwisata.pemesanan' (errno: 150) in C:\laragon\www\reservasi-paket-wisata\system\Database\MySQLi\Connection.php:327
Stack trace:
#0 C:\laragon\www\reservasi-paket-wisata\system\Database\MySQLi\Connection.php(327): mysqli->query('CREATE TABLE `p...', 0)
#1 C:\laragon\www\reservasi-paket-wisata\system\Database\BaseConnection.php(729): CodeIgniter\Database\MySQLi\Connection->execute('CREATE TABLE `p...')
#2 C:\laragon\www\reservasi-paket-wisata\system\Database\BaseConnection.php(646): CodeIgniter\Database\BaseConnection->simpleQuery('CREATE TABLE `p...')
#3 C:\laragon\www\reservasi-paket-wisata\system\Database\Forge.php(570): CodeIgniter\Database\BaseConnection->query('CREATE TABLE `p...')
#4 C:\laragon\www\reservasi-paket-wisata\app\Database\Migrations\2025-10-20-164946_Pemesanan.php(50): CodeIgniter\Database\Forge->createTable('pemesanan', true)
#5 C:\laragon\www\reservasi-paket-wisata\system\Database\MigrationRunner.php(876): App\Database\Migrations\Pemesanan->up()
#6 C:\laragon\www\reservasi-paket-wisata\system\Database\MigrationRunner.php(182): CodeIgniter\Database\MigrationRunner->migrate('up', Object(stdClass))
#7 C:\laragon\www\reservasi-paket-wisata\system\Commands\Database\Migrate.php(85): CodeIgniter\Database\MigrationRunner->latest(NULL)
#8 C:\laragon\www\reservasi-paket-wisata\system\CLI\Commands.php(74): CodeIgniter\Commands\Database\Migrate->run(Array)
#9 C:\laragon\www\reservasi-paket-wisata\system\CLI\BaseCommand.php(119): CodeIgniter\CLI\Commands->run('migrate', Array)
#10 C:\laragon\www\reservasi-paket-wisata\system\Commands\Database\MigrateRefresh.php(87): CodeIgniter\CLI\BaseCommand->call('migrate', Array)
#11 C:\laragon\www\reservasi-paket-wisata\system\CLI\Commands.php(74): CodeIgniter\Commands\Database\MigrateRefresh->run(Array)
#12 C:\laragon\www\reservasi-paket-wisata\system\CLI\Console.php(47): CodeIgniter\CLI\Commands->run('migrate:refresh', Array)
#13 C:\laragon\www\reservasi-paket-wisata\system\Boot.php(388): CodeIgniter\CLI\Console->run()
#14 C:\laragon\www\reservasi-paket-wisata\system\Boot.php(133): CodeIgniter\Boot::runCommand(Object(CodeIgniter\CLI\Console))
#15 C:\laragon\www\reservasi-paket-wisata\spark(87): CodeIgniter\Boot::bootSpark(Object(Config\Paths))
#16 {main}
ERROR - 2025-10-20 17:06:02 --> mysqli_sql_exception: Can't create table 'reservasi_paketwisata.pemesanan' (errno: 150) in C:\laragon\www\reservasi-paket-wisata\system\Database\MySQLi\Connection.php:327
Stack trace:
#0 C:\laragon\www\reservasi-paket-wisata\system\Database\MySQLi\Connection.php(327): mysqli->query('CREATE TABLE `p...', 0)
#1 C:\laragon\www\reservasi-paket-wisata\system\Database\BaseConnection.php(729): CodeIgniter\Database\MySQLi\Connection->execute('CREATE TABLE `p...')
#2 C:\laragon\www\reservasi-paket-wisata\system\Database\BaseConnection.php(646): CodeIgniter\Database\BaseConnection->simpleQuery('CREATE TABLE `p...')
#3 C:\laragon\www\reservasi-paket-wisata\system\Database\Forge.php(570): CodeIgniter\Database\BaseConnection->query('CREATE TABLE `p...')
#4 C:\laragon\www\reservasi-paket-wisata\app\Database\Migrations\2025-10-20-164946_Pemesanan.php(50): CodeIgniter\Database\Forge->createTable('pemesanan', true)
#5 C:\laragon\www\reservasi-paket-wisata\system\Database\MigrationRunner.php(876): App\Database\Migrations\Pemesanan->up()
#6 C:\laragon\www\reservasi-paket-wisata\system\Database\MigrationRunner.php(182): CodeIgniter\Database\MigrationRunner->migrate('up', Object(stdClass))
#7 C:\laragon\www\reservasi-paket-wisata\system\Commands\Database\Migrate.php(85): CodeIgniter\Database\MigrationRunner->latest(NULL)
#8 C:\laragon\www\reservasi-paket-wisata\system\CLI\Commands.php(74): CodeIgniter\Commands\Database\Migrate->run(Array)
#9 C:\laragon\www\reservasi-paket-wisata\system\CLI\BaseCommand.php(119): CodeIgniter\CLI\Commands->run('migrate', Array)
#10 C:\laragon\www\reservasi-paket-wisata\system\Commands\Database\MigrateRefresh.php(87): CodeIgniter\CLI\BaseCommand->call('migrate', Array)
#11 C:\laragon\www\reservasi-paket-wisata\system\CLI\Commands.php(74): CodeIgniter\Commands\Database\MigrateRefresh->run(Array)
#12 C:\laragon\www\reservasi-paket-wisata\system\CLI\Console.php(47): CodeIgniter\CLI\Commands->run('migrate:refresh', Array)
#13 C:\laragon\www\reservasi-paket-wisata\system\Boot.php(388): CodeIgniter\CLI\Console->run()
#14 C:\laragon\www\reservasi-paket-wisata\system\Boot.php(133): CodeIgniter\Boot::runCommand(Object(CodeIgniter\CLI\Console))
#15 C:\laragon\www\reservasi-paket-wisata\spark(87): CodeIgniter\Boot::bootSpark(Object(Config\Paths))
#16 {main}
ERROR - 2025-10-20 17:06:08 --> mysqli_sql_exception: Can't create table 'reservasi_paketwisata.pemesanan' (errno: 150) in C:\laragon\www\reservasi-paket-wisata\system\Database\MySQLi\Connection.php:327
Stack trace:
#0 C:\laragon\www\reservasi-paket-wisata\system\Database\MySQLi\Connection.php(327): mysqli->query('CREATE TABLE `p...', 0)
#1 C:\laragon\www\reservasi-paket-wisata\system\Database\BaseConnection.php(729): CodeIgniter\Database\MySQLi\Connection->execute('CREATE TABLE `p...')
#2 C:\laragon\www\reservasi-paket-wisata\system\Database\BaseConnection.php(646): CodeIgniter\Database\BaseConnection->simpleQuery('CREATE TABLE `p...')
#3 C:\laragon\www\reservasi-paket-wisata\system\Database\Forge.php(570): CodeIgniter\Database\BaseConnection->query('CREATE TABLE `p...')
#4 C:\laragon\www\reservasi-paket-wisata\app\Database\Migrations\2025-10-20-164946_Pemesanan.php(50): CodeIgniter\Database\Forge->createTable('pemesanan', true)
#5 C:\laragon\www\reservasi-paket-wisata\system\Database\MigrationRunner.php(876): App\Database\Migrations\Pemesanan->up()
#6 C:\laragon\www\reservasi-paket-wisata\system\Database\MigrationRunner.php(182): CodeIgniter\Database\MigrationRunner->migrate('up', Object(stdClass))
#7 C:\laragon\www\reservasi-paket-wisata\system\Commands\Database\Migrate.php(85): CodeIgniter\Database\MigrationRunner->latest(NULL)
#8 C:\laragon\www\reservasi-paket-wisata\system\CLI\Commands.php(74): CodeIgniter\Commands\Database\Migrate->run(Array)
#9 C:\laragon\www\reservasi-paket-wisata\system\CLI\BaseCommand.php(119): CodeIgniter\CLI\Commands->run('migrate', Array)
#10 C:\laragon\www\reservasi-paket-wisata\system\Commands\Database\MigrateRefresh.php(87): CodeIgniter\CLI\BaseCommand->call('migrate', Array)
#11 C:\laragon\www\reservasi-paket-wisata\system\CLI\Commands.php(74): CodeIgniter\Commands\Database\MigrateRefresh->run(Array)
#12 C:\laragon\www\reservasi-paket-wisata\system\CLI\Console.php(47): CodeIgniter\CLI\Commands->run('migrate:refresh', Array)
#13 C:\laragon\www\reservasi-paket-wisata\system\Boot.php(388): CodeIgniter\CLI\Console->run()
#14 C:\laragon\www\reservasi-paket-wisata\system\Boot.php(133): CodeIgniter\Boot::runCommand(Object(CodeIgniter\CLI\Console))
#15 C:\laragon\www\reservasi-paket-wisata\spark(87): CodeIgniter\Boot::bootSpark(Object(Config\Paths))
#16 {main}
ERROR - 2025-10-20 17:06:16 --> mysqli_sql_exception: Can't create table 'reservasi_paketwisata.pemesanan' (errno: 150) in C:\laragon\www\reservasi-paket-wisata\system\Database\MySQLi\Connection.php:327
Stack trace:
#0 C:\laragon\www\reservasi-paket-wisata\system\Database\MySQLi\Connection.php(327): mysqli->query('CREATE TABLE `p...', 0)
#1 C:\laragon\www\reservasi-paket-wisata\system\Database\BaseConnection.php(729): CodeIgniter\Database\MySQLi\Connection->execute('CREATE TABLE `p...')
#2 C:\laragon\www\reservasi-paket-wisata\system\Database\BaseConnection.php(646): CodeIgniter\Database\BaseConnection->simpleQuery('CREATE TABLE `p...')
#3 C:\laragon\www\reservasi-paket-wisata\system\Database\Forge.php(570): CodeIgniter\Database\BaseConnection->query('CREATE TABLE `p...')
#4 C:\laragon\www\reservasi-paket-wisata\app\Database\Migrations\2025-10-20-164946_Pemesanan.php(50): CodeIgniter\Database\Forge->createTable('pemesanan', true)
#5 C:\laragon\www\reservasi-paket-wisata\system\Database\MigrationRunner.php(876): App\Database\Migrations\Pemesanan->up()
#6 C:\laragon\www\reservasi-paket-wisata\system\Database\MigrationRunner.php(182): CodeIgniter\Database\MigrationRunner->migrate('up', Object(stdClass))
#7 C:\laragon\www\reservasi-paket-wisata\system\Commands\Database\Migrate.php(85): CodeIgniter\Database\MigrationRunner->latest(NULL)
#8 C:\laragon\www\reservasi-paket-wisata\system\CLI\Commands.php(74): CodeIgniter\Commands\Database\Migrate->run(Array)
#9 C:\laragon\www\reservasi-paket-wisata\system\CLI\BaseCommand.php(119): CodeIgniter\CLI\Commands->run('migrate', Array)
#10 C:\laragon\www\reservasi-paket-wisata\system\Commands\Database\MigrateRefresh.php(87): CodeIgniter\CLI\BaseCommand->call('migrate', Array)
#11 C:\laragon\www\reservasi-paket-wisata\system\CLI\Commands.php(74): CodeIgniter\Commands\Database\MigrateRefresh->run(Array)
#12 C:\laragon\www\reservasi-paket-wisata\system\CLI\Console.php(47): CodeIgniter\CLI\Commands->run('migrate:refresh', Array)
#13 C:\laragon\www\reservasi-paket-wisata\system\Boot.php(388): CodeIgniter\CLI\Console->run()
#14 C:\laragon\www\reservasi-paket-wisata\system\Boot.php(133): CodeIgniter\Boot::runCommand(Object(CodeIgniter\CLI\Console))
#15 C:\laragon\www\reservasi-paket-wisata\spark(87): CodeIgniter\Boot::bootSpark(Object(Config\Paths))
#16 {main}
